build/app/intermediates/manifest_merge_blame_file/debug/manifest-merger-blame-debug-report.txt
1<?xml version="1.0" encoding="utf-8"?>
2<manifest xmlns:android="http://schemas.android.com/apk/res/android"
3    package="com.aaddev.my_loc"
4    android:versionCode="1"
5    android:versionName="1.0.0" >
6
7    <uses-sdk
8        android:minSdkVersion="20"
9        android:targetSdkVersion="31" />
10    <!--
11         Flutter needs it to communicate with the running application
12         to allow setting breakpoints, to provide hot reload, etc.
13    -->
14    <uses-permission android:name="android.permission.INTERNET" />
14-->src\main\AndroidManifest.xml:8:1-63
14-->src\main\AndroidManifest.xml:8:18-60
15    <!-- added these permissions -->
16    <uses-permission android:name="android.permission.ACCESS_FINE_LOCATION" />
16-->src\main\AndroidManifest.xml:5:9-83
16-->src\main\AndroidManifest.xml:5:26-80
17    <uses-permission android:name="android.permission.ACCESS_BACKGROUND_LOCATION" />
17-->src\main\AndroidManifest.xml:6:5-84
17-->src\main\AndroidManifest.xml:6:22-82
18    <uses-permission android:name="android.permission.WAKE_LOCK" />
18-->src\main\AndroidManifest.xml:7:5-68
18-->src\main\AndroidManifest.xml:7:22-65
19    <uses-permission android:name="android.permission.FOREGROUND_SERVICE" />
19-->src\main\AndroidManifest.xml:9:5-77
19-->src\main\AndroidManifest.xml:9:22-74
20    <uses-permission android:name="android.permission.ACCESS_COARSE_LOCATION" /> <!-- Although the *SdkVersion is captured in gradle build files, this is required for non gradle builds -->
20-->[:location] AndroidManifest.xml:7:5-81
20-->[:location] AndroidManifest.xml:7:22-78
21    <!-- <uses-sdk android:minSdkVersion="14" /> -->
22    <uses-permission android:name="android.permission.ACCESS_NETWORK_STATE" />
22-->[com.google.firebase:firebase-firestore:23.0.3] AndroidManifest.xml:13:5-79
22-->[com.google.firebase:firebase-firestore:23.0.3] AndroidManifest.xml:13:22-76
23
24    <uses-feature
24-->[com.google.android.gms:play-services-maps:17.0.0] AndroidManifest.xml:26:5-28:35
25        android:glEsVersion="0x00020000"
25-->[com.google.android.gms:play-services-maps:17.0.0] AndroidManifest.xml:27:9-41
26        android:required="true" />
26-->[com.google.android.gms:play-services-maps:17.0.0] AndroidManifest.xml:28:9-32
27
28    <uses-permission android:name="com.google.android.finsky.permission.BIND_GET_INSTALL_REFERRER_SERVICE" />
28-->[com.google.android.gms:play-services-measurement:19.0.1] AndroidManifest.xml:26:5-110
28-->[com.google.android.gms:play-services-measurement:19.0.1] AndroidManifest.xml:26:22-107
29
30    <application
30-->src\main\AndroidManifest.xml:12:4-55:19
31        android:name="androidx.multidex.MultiDexApplication"
32        android:appComponentFactory="androidx.core.app.CoreComponentFactory"
32-->[androidx.core:core:1.6.0] AndroidManifest.xml:24:18-86
33        android:debuggable="true"
34        android:icon="@mipmap/ic_launcher"
34-->src\main\AndroidManifest.xml:14:9-43
35        android:label="google_map_live" >
35-->src\main\AndroidManifest.xml:13:9-40
36
37        <!-- added api key -->
38        <meta-data
38-->src\main\AndroidManifest.xml:17:13-18:73
39            android:name="com.google.android.geo.API_KEY"
39-->src\main\AndroidManifest.xml:17:24-69
40            android:value="AIzaSyDl1Ar7oSjD-wxQGbv-zzBgs1MN0TuJOcE" />
40-->src\main\AndroidManifest.xml:18:16-71
41
42        <activity
42-->src\main\AndroidManifest.xml:21:9-49:20
43            android:name="com.aaddev.my_loc.MainActivity"
43-->src\main\AndroidManifest.xml:22:13-41
44            android:configChanges="orientation|keyboardHidden|keyboard|screenSize|smallestScreenSize|locale|layoutDirection|fontScale|screenLayout|density|uiMode"
44-->src\main\AndroidManifest.xml:25:13-163
45            android:hardwareAccelerated="true"
45-->src\main\AndroidManifest.xml:26:13-47
46            android:launchMode="singleTop"
46-->src\main\AndroidManifest.xml:23:13-43
47            android:theme="@style/LaunchTheme"
47-->src\main\AndroidManifest.xml:24:13-47
48            android:windowSoftInputMode="adjustResize" >
48-->src\main\AndroidManifest.xml:27:13-55
49
50            <!--
51                 Specifies an Android theme to apply to this Activity as soon as
52                 the Android process has started. This theme is visible to the user
53                 while the Flutter UI initializes. After that, this theme continues
54                 to determine the Window background behind the Flutter UI.
55            -->
56            <meta-data
56-->src\main\AndroidManifest.xml:32:13-35:17
57                android:name="io.flutter.embedding.android.NormalTheme"
57-->src\main\AndroidManifest.xml:33:15-70
58                android:resource="@style/NormalTheme" />
58-->src\main\AndroidManifest.xml:34:15-52
59            <!--
60                 Displays an Android View that continues showing the launch screen
61                 Drawable until Flutter paints its first frame, then this splash
62                 screen fades out. A splash screen is useful to avoid any visual
63                 gap between the end of Android's launch screen and the painting of
64                 Flutter's first frame.
65            -->
66            <meta-data
66-->src\main\AndroidManifest.xml:41:13-44:17
67                android:name="io.flutter.embedding.android.SplashScreenDrawable"
67-->src\main\AndroidManifest.xml:42:15-79
68                android:resource="@drawable/launch_background" />
68-->src\main\AndroidManifest.xml:43:15-61
69
70            <intent-filter>
70-->src\main\AndroidManifest.xml:45:13-48:29
71                <action android:name="android.intent.action.MAIN" />
71-->src\main\AndroidManifest.xml:46:17-68
71-->src\main\AndroidManifest.xml:46:25-66
72
73                <category android:name="android.intent.category.LAUNCHER" />
73-->src\main\AndroidManifest.xml:47:17-76
73-->src\main\AndroidManifest.xml:47:27-74
74            </intent-filter>
75        </activity>
76        <!--
77             Don't delete the meta-data below.
78             This is used by the Flutter tool to generate GeneratedPluginRegistrant.java
79        -->
80        <meta-data
80-->src\main\AndroidManifest.xml:52:9-54:33
81            android:name="flutterEmbedding"
81-->src\main\AndroidManifest.xml:53:13-44
82            android:value="2" />
82-->src\main\AndroidManifest.xml:54:13-30
83
84        <service
84-->[:cloud_firestore] AndroidManifest.xml:8:9-12:19
85            android:name="com.google.firebase.components.ComponentDiscoveryService"
85-->[:cloud_firestore] AndroidManifest.xml:8:18-89
86            android:directBootAware="true"
86-->[com.google.firebase:firebase-common:20.0.0] AndroidManifest.xml:35:13-43
87            android:exported="false" >
87-->[com.google.firebase:firebase-analytics-ktx:19.0.1] AndroidManifest.xml:10:13-37
88            <meta-data
88-->[:cloud_firestore] AndroidManifest.xml:9:13-11:85
89                android:name="com.google.firebase.components:io.flutter.plugins.firebase.firestore.FlutterFirebaseFirestoreRegistrar"
89-->[:cloud_firestore] AndroidManifest.xml:10:17-134
90                android:value="com.google.firebase.components.ComponentRegistrar" />
90-->[:cloud_firestore] AndroidManifest.xml:11:17-82
91            <meta-data
91-->[:firebase_core] AndroidManifest.xml:9:13-11:85
92                android:name="com.google.firebase.components:io.flutter.plugins.firebase.core.FlutterFirebaseCoreRegistrar"
92-->[:firebase_core] AndroidManifest.xml:10:17-124
93                android:value="com.google.firebase.components.ComponentRegistrar" />
93-->[:firebase_core] AndroidManifest.xml:11:17-82
94            <meta-data
94-->[com.google.firebase:firebase-analytics-ktx:19.0.1] AndroidManifest.xml:11:13-13:85
95                android:name="com.google.firebase.components:com.google.firebase.analytics.ktx.FirebaseAnalyticsKtxRegistrar"
95-->[com.google.firebase:firebase-analytics-ktx:19.0.1] AndroidManifest.xml:12:17-126
96                android:value="com.google.firebase.components.ComponentRegistrar" />
96-->[com.google.firebase:firebase-analytics-ktx:19.0.1] AndroidManifest.xml:13:17-82
97            <meta-data
97-->[com.google.firebase:firebase-common-ktx:20.0.0] AndroidManifest.xml:15:13-17:85
98                android:name="com.google.firebase.components:com.google.firebase.ktx.FirebaseCommonKtxRegistrar"
98-->[com.google.firebase:firebase-common-ktx:20.0.0] AndroidManifest.xml:16:17-113
99                android:value="com.google.firebase.components.ComponentRegistrar" />
99-->[com.google.firebase:firebase-common-ktx:20.0.0] AndroidManifest.xml:17:17-82
100            <meta-data
100-->[com.google.firebase:firebase-firestore:23.0.3] AndroidManifest.xml:20:13-22:85
101                android:name="com.google.firebase.components:com.google.firebase.firestore.FirestoreRegistrar"
101-->[com.google.firebase:firebase-firestore:23.0.3] AndroidManifest.xml:21:17-111
102                android:value="com.google.firebase.components.ComponentRegistrar" />
102-->[com.google.firebase:firebase-firestore:23.0.3] AndroidManifest.xml:22:17-82
103            <meta-data
103-->[com.google.android.gms:play-services-measurement-api:19.0.1] AndroidManifest.xml:30:13-32:85
104                android:name="com.google.firebase.components:com.google.firebase.analytics.connector.internal.AnalyticsConnectorRegistrar"
104-->[com.google.android.gms:play-services-measurement-api:19.0.1] AndroidManifest.xml:31:17-139
105                android:value="com.google.firebase.components.ComponentRegistrar" />
105-->[com.google.android.gms:play-services-measurement-api:19.0.1] AndroidManifest.xml:32:17-82
106            <meta-data
106-->[com.google.firebase:firebase-installations:17.0.0] AndroidManifest.xml:18:13-20:85
107                android:name="com.google.firebase.components:com.google.firebase.installations.FirebaseInstallationsRegistrar"
107-->[com.google.firebase:firebase-installations:17.0.0] AndroidManifest.xml:19:17-127
108                android:value="com.google.firebase.components.ComponentRegistrar" />
108-->[com.google.firebase:firebase-installations:17.0.0] AndroidManifest.xml:20:17-82
109        </service>
110        <service
110-->[:location] AndroidManifest.xml:11:9-15:56
111            android:name="com.lyokone.location.FlutterLocationService"
111-->[:location] AndroidManifest.xml:12:13-71
112            android:enabled="true"
112-->[:location] AndroidManifest.xml:13:13-35
113            android:exported="false"
113-->[:location] AndroidManifest.xml:14:13-37
114            android:foregroundServiceType="location" />
114-->[:location] AndroidManifest.xml:15:13-53
115
116        <uses-library
116-->[androidx.window:window:1.0.0-beta04] AndroidManifest.xml:25:9-27:40
117            android:name="androidx.window.extensions"
117-->[androidx.window:window:1.0.0-beta04] AndroidManifest.xml:26:13-54
118            android:required="false" />
118-->[androidx.window:window:1.0.0-beta04] AndroidManifest.xml:27:13-37
119        <uses-library
119-->[androidx.window:window:1.0.0-beta04] AndroidManifest.xml:28:9-30:40
120            android:name="androidx.window.sidecar"
120-->[androidx.window:window:1.0.0-beta04] AndroidManifest.xml:29:13-51
121            android:required="false" />
121-->[androidx.window:window:1.0.0-beta04] AndroidManifest.xml:30:13-37
122
123        <provider
123-->[com.google.firebase:firebase-common:20.0.0] AndroidManifest.xml:26:9-31:39
124            android:name="com.google.firebase.provider.FirebaseInitProvider"
124-->[com.google.firebase:firebase-common:20.0.0] AndroidManifest.xml:27:13-77
125            android:authorities="com.aaddev.my_loc.firebaseinitprovider"
125-->[com.google.firebase:firebase-common:20.0.0] AndroidManifest.xml:28:13-72
126            android:directBootAware="true"
126-->[com.google.firebase:firebase-common:20.0.0] AndroidManifest.xml:29:13-43
127            android:exported="false"
127-->[com.google.firebase:firebase-common:20.0.0] AndroidManifest.xml:30:13-37
128            android:initOrder="100" /> <!-- Needs to be explicitly declared on P+ -->
128-->[com.google.firebase:firebase-common:20.0.0] AndroidManifest.xml:31:13-36
129        <uses-library
129-->[com.google.android.gms:play-services-maps:17.0.0] AndroidManifest.xml:33:9-35:40
130            android:name="org.apache.http.legacy"
130-->[com.google.android.gms:play-services-maps:17.0.0] AndroidManifest.xml:34:13-50
131            android:required="false" />
131-->[com.google.android.gms:play-services-maps:17.0.0] AndroidManifest.xml:35:13-37
132
133        <activity
133-->[com.google.android.gms:play-services-base:17.0.0] AndroidManifest.xml:23:9-26:75
134            android:name="com.google.android.gms.common.api.GoogleApiActivity"
134-->[com.google.android.gms:play-services-base:17.0.0] AndroidManifest.xml:24:13-79
135            android:exported="false"
135-->[com.google.android.gms:play-services-base:17.0.0] AndroidManifest.xml:25:13-37
136            android:theme="@android:style/Theme.Translucent.NoTitleBar" />
136-->[com.google.android.gms:play-services-base:17.0.0] AndroidManifest.xml:26:13-72
137
138        <receiver
138-->[com.google.android.gms:play-services-measurement:19.0.1] AndroidManifest.xml:29:9-33:20
139            android:name="com.google.android.gms.measurement.AppMeasurementReceiver"
139-->[com.google.android.gms:play-services-measurement:19.0.1] AndroidManifest.xml:30:13-85
140            android:enabled="true"
140-->[com.google.android.gms:play-services-measurement:19.0.1] AndroidManifest.xml:31:13-35
141            android:exported="false" >
141-->[com.google.android.gms:play-services-measurement:19.0.1] AndroidManifest.xml:32:13-37
142        </receiver>
143
144        <service
144-->[com.google.android.gms:play-services-measurement:19.0.1] AndroidManifest.xml:35:9-38:40
145            android:name="com.google.android.gms.measurement.AppMeasurementService"
145-->[com.google.android.gms:play-services-measurement:19.0.1] AndroidManifest.xml:36:13-84
146            android:enabled="true"
146-->[com.google.android.gms:play-services-measurement:19.0.1] AndroidManifest.xml:37:13-35
147            android:exported="false" />
147-->[com.google.android.gms:play-services-measurement:19.0.1] AndroidManifest.xml:38:13-37
148        <service
148-->[com.google.android.gms:play-services-measurement:19.0.1] AndroidManifest.xml:39:9-43:72
149            android:name="com.google.android.gms.measurement.AppMeasurementJobService"
149-->[com.google.android.gms:play-services-measurement:19.0.1] AndroidManifest.xml:40:13-87
150            android:enabled="true"
150-->[com.google.android.gms:play-services-measurement:19.0.1] AndroidManifest.xml:41:13-35
151            android:exported="false"
151-->[com.google.android.gms:play-services-measurement:19.0.1] AndroidManifest.xml:42:13-37
152            android:permission="android.permission.BIND_JOB_SERVICE" />
152-->[com.google.android.gms:play-services-measurement:19.0.1] AndroidManifest.xml:43:13-69
153
154        <meta-data
154-->[com.google.android.gms:play-services-basement:17.0.0] AndroidManifest.xml:23:9-25:69
155            android:name="com.google.android.gms.version"
155-->[com.google.android.gms:play-services-basement:17.0.0] AndroidManifest.xml:24:13-58
156            android:value="@integer/google_play_services_version" />
156-->[com.google.android.gms:play-services-basement:17.0.0] AndroidManifest.xml:25:13-66
157    </application>
158
159</manifest>